<?xml version="1.0" encoding="UTF-8"?>
<!-- Generated by org.testng.reporters.JUnitReportReporter -->
<testsuite hostname="DESKTOP-ENGGCBP" failures="0" tests="1" name="TestScripts.LoginTest" time="20.335" errors="0" timestamp="2024-02-28T19:46:48 IST" skipped="0">
  <testcase classname="TestScripts.LoginTest" name="loginOrange" time="20.335"/>
</testsuite> <!-- TestScripts.LoginTest -->
